#
# There is insufficient memory for the Java Runtime Environment to continue.
# Native memory allocation (malloc) failed to allocate 1144096 bytes for Chunk::new
# Possible reasons:
#   The system is out of physical RAM or swap space
#   The process is running with CompressedOops enabled, and the Java Heap may be blocking the growth of the native heap
# Possible solutions:
#   Reduce memory load on the system
#   Increase physical memory or swap space
#   Check if swap backing store is full
#   Decrease Java heap size (-Xmx/-Xms)
#   Decrease number of Java threads
#   Decrease Java thread stack sizes (-Xss)
#   Set larger code cache with -XX:ReservedCodeCacheSize=
#   JVM is running with Unscaled Compressed Oops mode in which the Java heap is
#     placed in the first 4GB address space. The Java Heap base address is the
#     maximum limit for the native heap growth. Please use -XX:HeapBaseMinAddress
#     to set the Java Heap base and to place the Java Heap above 4GB virtual address.
# This output file may be truncated or incomplete.
#
#  Out of Memory Error (allocation.cpp:389), pid=640, tid=0x00000000000016ac
#
# JRE version: OpenJDK Runtime Environment (8.0_242-b01) (build 1.8.0_242-release-1644-b01)
# Java VM: OpenJDK 64-Bit Server VM (25.242-b01 mixed mode windows-amd64 compressed oops)
# Failed to write core dump. Minidumps are not enabled by default on client versions of Windows
#

---------------  T H R E A D  ---------------

Current thread (0x0000000017f21000):  JavaThread "C2 CompilerThread1" daemon [_thread_in_native, id=5804, stack(0x0000000019600000,0x0000000019700000)]

Stack: [0x0000000019600000,0x0000000019700000]
[error occurred during error reporting (printing stack bounds), id 0xc0000005]

Native frames: (J=compiled Java code, j=interpreted, Vv=VM code, C=native code)


Current CompileTask:
C2:5285695 24745       4       org.gradle.internal.graph.CachingDirectedGraphWalker::doSearch (659 bytes)


---------------  P R O C E S S  ---------------

Java Threads: ( => current thread )
  0x000000002210c800 JavaThread "stdout" [_thread_in_native, id=2372, stack(0x000000002c690000,0x000000002c790000)]
  0x0000000022108800 JavaThread "stderr" [_thread_in_native, id=18704, stack(0x000000002c590000,0x000000002c690000)]
  0x0000000022108000 JavaThread "stdout" [_thread_in_native, id=18744, stack(0x000000002be90000,0x000000002bf90000)]
  0x000000002210b800 JavaThread "stderr" [_thread_in_native, id=12624, stack(0x000000002bd90000,0x000000002be90000)]
  0x0000000022107000 JavaThread "WorkerExecutor Queue Thread 4" [_thread_blocked, id=7472, stack(0x0000000028920000,0x0000000028a20000)]
  0x0000000022101000 JavaThread "WorkerExecutor Queue Thread 3" [_thread_blocked, id=5332, stack(0x0000000028820000,0x0000000028920000)]
  0x0000000022105800 JavaThread "pool-19-thread-1" [_thread_blocked, id=8352, stack(0x0000000028720000,0x0000000028820000)]
  0x00000000220fe000 JavaThread "WorkerExecutor Queue Thread 2" [_thread_in_native, id=10872, stack(0x00000000283e0000,0x00000000284e0000)]
  0x00000000220fd800 JavaThread "WorkerExecutor Queue" [_thread_blocked, id=19040, stack(0x00000000282e0000,0x00000000283e0000)]
  0x0000000022104000 JavaThread "Cache worker for execution history cache (D:\develop\JankenFuuChan\.gradle\6.1.1\executionHistory)" [_thread_blocked, id=15552, stack(0x00000000281e0000,0x00000000282e0000)]
  0x00000000220ff800 JavaThread "Execution worker for ':' Thread 3" [_thread_blocked, id=628, stack(0x00000000280e0000,0x00000000281e0000)]
  0x000000001ee28800 JavaThread "Execution worker for ':' Thread 2" [_thread_blocked, id=2860, stack(0x00000000279e0000,0x0000000027ae0000)]
  0x000000001ee27000 JavaThread "Execution worker for ':'" [_thread_blocked, id=19172, stack(0x00000000272e0000,0x00000000273e0000)]
  0x000000001ee25800 JavaThread "Cache worker for file content cache (D:\develop\JankenFuuChan\.gradle\6.1.1\fileContent)" [_thread_blocked, id=15976, stack(0x0000000026d70000,0x0000000026e70000)]
  0x000000001ee24000 JavaThread "Cache worker for Build Output Cleanup Cache (D:\develop\JankenFuuChan\.gradle\buildOutputCleanup)" [_thread_blocked, id=19204, stack(0x0000000026670000,0x0000000026770000)]
  0x000000001ee22800 JavaThread "Build operations Thread 4" [_thread_blocked, id=17960, stack(0x0000000023f80000,0x0000000024080000)]
  0x000000001ee25000 JavaThread "Build operations Thread 3" [_thread_blocked, id=14460, stack(0x0000000023880000,0x0000000023980000)]
  0x000000001ee23800 JavaThread "Build operations Thread 2" [_thread_blocked, id=15216, stack(0x0000000023330000,0x0000000023430000)]
  0x000000001ee29800 JavaThread "Build operations" [_thread_blocked, id=19424, stack(0x0000000021360000,0x0000000021460000)]
  0x000000001ee26800 JavaThread "Cache worker for cache directory md-rule (C:\Users\lucie\.gradle\caches\6.1.1\md-rule)" [_thread_blocked, id=19300, stack(0x0000000020020000,0x0000000020120000)]
  0x000000001ee28000 JavaThread "Cache worker for cache directory md-supplier (C:\Users\lucie\.gradle\caches\6.1.1\md-supplier)" [_thread_blocked, id=15640, stack(0x000000001fd20000,0x000000001fe20000)]
  0x000000001ee1b000 JavaThread "Cache worker for file hash cache (D:\develop\JankenFuuChan\.gradle\6.1.1\fileHashes)" [_thread_blocked, id=15864, stack(0x000000001d380000,0x000000001d480000)]
  0x000000001ee1a000 JavaThread "Cache worker for checksums cache (D:\develop\JankenFuuChan\.gradle\checksums)" [_thread_blocked, id=14244, stack(0x000000001d280000,0x000000001d380000)]
  0x000000001ee20800 JavaThread "Thread-145" [_thread_blocked, id=17904, stack(0x000000001d180000,0x000000001d280000)]
  0x000000001ee1e000 JavaThread "Stdin handler" [_thread_blocked, id=17996, stack(0x000000001d080000,0x000000001d180000)]
  0x000000001ee1f800 JavaThread "Asynchronous log dispatcher for DefaultDaemonConnection: socket connection from /127.0.0.1:58215 to /127.0.0.1:58804" [_thread_blocked, id=18572, stack(0x000000001cf80000,0x000000001d080000)]
  0x000000001ee1c800 JavaThread "Daemon worker Thread 7" [_thread_blocked, id=14064, stack(0x000000001cc80000,0x000000001cd80000)]
  0x000000001ee1f000 JavaThread "Cancel handler" [_thread_blocked, id=19056, stack(0x000000001cb80000,0x000000001cc80000)]
  0x000000001ee1d800 JavaThread "Handler for socket connection from /127.0.0.1:58215 to /127.0.0.1:58804" [_thread_in_native, id=13256, stack(0x0000000001340000,0x0000000001440000)]
  0x000000001ee1b800 JavaThread "Daemon Thread 7" [_thread_blocked, id=11112, stack(0x0000000001220000,0x0000000001320000)]
  0x000000001ee22000 JavaThread "Cache worker for Java compile cache (C:\Users\lucie\.gradle\caches\6.1.1\javaCompile)" [_thread_blocked, id=19048, stack(0x000000002a7e0000,0x000000002a8e0000)]
  0x000000001a98b000 JavaThread "Cache worker for file content cache (C:\Users\lucie\.gradle\caches\6.1.1\fileContent)" [_thread_blocked, id=8624, stack(0x00000000274e0000,0x00000000275e0000)]
  0x000000001a98f800 JavaThread "Memory manager" [_thread_blocked, id=13072, stack(0x00000000273e0000,0x00000000274e0000)]
  0x000000001a98b800 JavaThread "Cache worker for execution history cache (C:\Users\lucie\.gradle\caches\6.1.1\executionHistory)" [_thread_blocked, id=18832, stack(0x0000000021460000,0x0000000021560000)]
  0x000000001b92c800 JavaThread "Cache worker for file hash cache (C:\Users\lucie\.gradle\caches\6.1.1\fileHashes)" [_thread_blocked, id=16648, stack(0x000000001d880000,0x000000001d980000)]
  0x000000001b92d000 JavaThread "File lock request listener" [_thread_in_native, id=10764, stack(0x000000001d780000,0x000000001d880000)]
  0x000000001ad04800 JavaThread "Cache worker for journal cache (C:\Users\lucie\.gradle\caches\journal-1)" [_thread_blocked, id=12012, stack(0x000000001d680000,0x000000001d780000)]
  0x000000001b89f800 JavaThread "Daemon periodic checks" [_thread_blocked, id=16248, stack(0x000000001ca80000,0x000000001cb80000)]
  0x000000001b899800 JavaThread "Incoming local TCP Connector on port 58215" [_thread_in_native, id=3336, stack(0x000000001c8a0000,0x000000001c9a0000)]
  0x000000001b7ba800 JavaThread "Daemon health stats" [_thread_blocked, id=6288, stack(0x000000001c7a0000,0x000000001c8a0000)]
  0x0000000019784800 JavaThread "Service Thread" daemon [_thread_blocked, id=18816, stack(0x0000000019c00000,0x0000000019d00000)]
  0x0000000017f29000 JavaThread "C1 CompilerThread2" daemon [_thread_blocked, id=5712, stack(0x0000000019b00000,0x0000000019c00000)]
=>0x0000000017f21000 JavaThread "C2 CompilerThread1" daemon [_thread_in_native, id=5804, stack(0x0000000019600000,0x0000000019700000)]
  0x0000000017f1e800 JavaThread "C2 CompilerThread0" daemon [_thread_in_native, id=848, stack(0x0000000019500000,0x0000000019600000)]
  0x0000000017f6d000 JavaThread "Attach Listener" daemon [_thread_blocked, id=15644, stack(0x0000000019400000,0x0000000019500000)]
  0x0000000017f6c800 JavaThread "Signal Dispatcher" daemon [_thread_blocked, id=18064, stack(0x0000000019300000,0x0000000019400000)]
  0x0000000017ef8800 JavaThread "Finalizer" daemon [_thread_blocked, id=19128, stack(0x0000000019160000,0x0000000019260000)]
  0x00000000032e2000 JavaThread "Reference Handler" daemon [_thread_blocked, id=19216, stack(0x0000000019060000,0x0000000019160000)]
  0x0000000002d1d800 JavaThread "main" [_thread_blocked, id=16536, stack(0x00000000030f0000,0x00000000031f0000)]

Other Threads:
  0x0000000017ed7000 VMThread [stack: 0x0000000018f60000,0x0000000019060000] [id=17504]
  0x000000001978d000 WatcherThread [stack: 0x0000000019d00000,0x0000000019e00000] [id=18812]

VM state:not at safepoint (normal execution)

VM Mutex/Monitor currently owned by a thread: None

heap address: 0x0000000080000000, size: 2048 MB, Compressed Oops mode: 32-bit
Narrow klass base: 0x0000000000000000, Narrow klass shift: 3
Compressed class space size: 1073741824 Address: 0x0000000100000000

Heap:
 PSYoungGen      total 550400K, used 147818K [0x00000000d5580000, 0x00000000f8f00000, 0x0000000100000000)
  eden space 517632K, 24% used [0x00000000d5580000,0x00000000dd3c5890,0x00000000f4f00000)
  from space 32768K, 56% used [0x00000000f4f00000,0x00000000f6114fe0,0x00000000f6f00000)
  to   space 31744K, 0% used [0x00000000f7000000,0x00000000f7000000,0x00000000f8f00000)
 ParOldGen       total 196608K, used 92054K [0x0000000080000000, 0x000000008c000000, 0x00000000d5580000)
  object space 196608K, 46% used [0x0000000080000000,0x00000000859e5808,0x000000008c000000)
 Metaspace       used 117363K, capacity 124428K, committed 124568K, reserved 1157120K
  class space    used 15073K, capacity 16449K, committed 16560K, reserved 1048576K

Card table byte_map: [0x00000000126b0000,0x0000000012ac0000] byte_map_base: 0x00000000122b0000

Marking Bits: (ParMarkBitMap*) 0x000000007424f030
 Begin Bits: [0x0000000013170000, 0x0000000015170000)
 End Bits:   [0x0000000015170000, 0x0000000017170000)

Polling page: 0x0000000002ca0000

CodeCache: size=245760Kb used=71326Kb max_used=71397Kb free=174433Kb
 bounds [0x00000000032f0000, 0x0000000007920000, 0x00000000122f0000]
 total_blobs=20948 nmethods=19990 adapters=869
 compilation: enabled

Compilation events (10 events):
Event: 5285.530 Thread 0x0000000017f29000 nmethod 24916 0x0000000003e7bcd0 code [0x0000000003e7bea0, 0x0000000003e7c498]
Event: 5285.534 Thread 0x0000000017f29000 24917       2       sun.nio.cs.StreamDecoder::<init> (23 bytes)
Event: 5285.534 Thread 0x0000000017f29000 nmethod 24917 0x00000000046aac90 code [0x00000000046aae00, 0x00000000046aaff8]
Event: 5285.602 Thread 0x0000000017f29000 24918       2       java.io.ObjectInputStream::readClass (90 bytes)
Event: 5285.602 Thread 0x0000000017f29000 nmethod 24918 0x00000000046a1dd0 code [0x00000000046a1fa0, 0x00000000046a2398]
Event: 5285.631 Thread 0x0000000017f1e800 nmethod 24868% 0x0000000007903450 code [0x0000000007903a80, 0x000000000790b2f8]
Event: 5285.633 Thread 0x0000000017f1e800 24904       4       com.google.gson.stream.JsonWriter::newline (47 bytes)
Event: 5285.659 Thread 0x0000000017f1e800 nmethod 24904 0x0000000007900150 code [0x0000000007900340, 0x0000000007901fc8]
Event: 5285.660 Thread 0x0000000017f1e800 24887       4       com.google.common.collect.AbstractMapBasedMultimap$WrappedCollection$WrappedIterator::validateIterator (30 bytes)
Event: 5285.661 Thread 0x0000000017f1e800 nmethod 24887 0x00000000044b1890 code [0x00000000044b19e0, 0x00000000044b1aa8]

GC Heap History (10 events):
Event: 2881.364 GC heap before
{Heap before GC invocations=27 (full 4):
 PSYoungGen      total 421376K, used 392416K [0x00000000d5580000, 0x00000000f1480000, 0x0000000100000000)
  eden space 388096K, 100% used [0x00000000d5580000,0x00000000ed080000,0x00000000ed080000)
  from space 33280K, 12% used [0x00000000ef400000,0x00000000ef838010,0x00000000f1480000)
  to   space 34816K, 0% used [0x00000000ed080000,0x00000000ed080000,0x00000000ef280000)
 ParOldGen       total 196608K, used 83451K [0x0000000080000000, 0x000000008c000000, 0x00000000d5580000)
  object space 196608K, 42% used [0x0000000080000000,0x000000008517efe8,0x000000008c000000)
 Metaspace       used 104560K, capacity 109936K, committed 110232K, reserved 1144832K
  class space    used 13473K, capacity 14502K, committed 14512K, reserved 1048576K
Event: 2881.392 GC heap after
Heap after GC invocations=27 (full 4):
 PSYoungGen      total 422912K, used 12512K [0x00000000d5580000, 0x00000000f5f00000, 0x0000000100000000)
  eden space 388096K, 0% used [0x00000000d5580000,0x00000000d5580000,0x00000000ed080000)
  from space 34816K, 35% used [0x00000000ed080000,0x00000000edcb83a0,0x00000000ef280000)
  to   space 32768K, 0% used [0x00000000f3f00000,0x00000000f3f00000,0x00000000f5f00000)
 ParOldGen       total 196608K, used 86064K [0x0000000080000000, 0x000000008c000000, 0x00000000d5580000)
  object space 196608K, 43% used [0x0000000080000000,0x000000008540c3b8,0x000000008c000000)
 Metaspace       used 104560K, capacity 109936K, committed 110232K, reserved 1144832K
  class space    used 13473K, capacity 14502K, committed 14512K, reserved 1048576K
}
Event: 2901.889 GC heap before
{Heap before GC invocations=28 (full 4):
 PSYoungGen      total 422912K, used 400608K [0x00000000d5580000, 0x00000000f5f00000, 0x0000000100000000)
  eden space 388096K, 100% used [0x00000000d5580000,0x00000000ed080000,0x00000000ed080000)
  from space 34816K, 35% used [0x00000000ed080000,0x00000000edcb83a0,0x00000000ef280000)
  to   space 32768K, 0% used [0x00000000f3f00000,0x00000000f3f00000,0x00000000f5f00000)
 ParOldGen       total 196608K, used 86064K [0x0000000080000000, 0x000000008c000000, 0x00000000d5580000)
  object space 196608K, 43% used [0x0000000080000000,0x000000008540c3b8,0x000000008c000000)
 Metaspace       used 106139K, capacity 111834K, committed 112024K, reserved 1146880K
  class space    used 13635K, capacity 14741K, committed 14768K, reserved 1048576K
Event: 2901.918 GC heap after
Heap after GC invocations=28 (full 4):
 PSYoungGen      total 477696K, used 9598K [0x00000000d5580000, 0x00000000f5200000, 0x0000000100000000)
  eden space 458240K, 0% used [0x00000000d5580000,0x00000000d5580000,0x00000000f1500000)
  from space 19456K, 49% used [0x00000000f3f00000,0x00000000f485fac8,0x00000000f5200000)
  to   space 31232K, 0% used [0x00000000f1500000,0x00000000f1500000,0x00000000f3380000)
 ParOldGen       total 196608K, used 92030K [0x0000000080000000, 0x000000008c000000, 0x00000000d5580000)
  object space 196608K, 46% used [0x0000000080000000,0x00000000859df808,0x000000008c000000)
 Metaspace       used 106139K, capacity 111834K, committed 112024K, reserved 1146880K
  class space    used 13635K, capacity 14741K, committed 14768K, reserved 1048576K
}
Event: 2905.172 GC heap before
{Heap before GC invocations=29 (full 4):
 PSYoungGen      total 477696K, used 467838K [0x00000000d5580000, 0x00000000f5200000, 0x0000000100000000)
  eden space 458240K, 100% used [0x00000000d5580000,0x00000000f1500000,0x00000000f1500000)
  from space 19456K, 49% used [0x00000000f3f00000,0x00000000f485fac8,0x00000000f5200000)
  to   space 31232K, 0% used [0x00000000f1500000,0x00000000f1500000,0x00000000f3380000)
 ParOldGen       total 196608K, used 92030K [0x0000000080000000, 0x000000008c000000, 0x00000000d5580000)
  object space 196608K, 46% used [0x0000000080000000,0x00000000859df808,0x000000008c000000)
 Metaspace       used 112302K, capacity 118184K, committed 118296K, reserved 1153024K
  class space    used 14415K, capacity 15564K, committed 15664K, reserved 1048576K
Event: 2905.211 GC heap after
Heap after GC invocations=29 (full 4):
 PSYoungGen      total 489472K, used 22585K [0x00000000d5580000, 0x00000000f9080000, 0x0000000100000000)
  eden space 458240K, 0% used [0x00000000d5580000,0x00000000d5580000,0x00000000f1500000)
  from space 31232K, 72% used [0x00000000f1500000,0x00000000f2b0e520,0x00000000f3380000)
  to   space 33280K, 0% used [0x00000000f7000000,0x00000000f7000000,0x00000000f9080000)
 ParOldGen       total 196608K, used 92038K [0x0000000080000000, 0x000000008c000000, 0x00000000d5580000)
  object space 196608K, 46% used [0x0000000080000000,0x00000000859e1808,0x000000008c000000)
 Metaspace       used 112302K, capacity 118184K, committed 118296K, reserved 1153024K
  class space    used 14415K, capacity 15564K, committed 15664K, reserved 1048576K
}
Event: 2906.518 GC heap before
{Heap before GC invocations=30 (full 4):
 PSYoungGen      total 489472K, used 480825K [0x00000000d5580000, 0x00000000f9080000, 0x0000000100000000)
  eden space 458240K, 100% used [0x00000000d5580000,0x00000000f1500000,0x00000000f1500000)
  from space 31232K, 72% used [0x00000000f1500000,0x00000000f2b0e520,0x00000000f3380000)
  to   space 33280K, 0% used [0x00000000f7000000,0x00000000f7000000,0x00000000f9080000)
 ParOldGen       total 196608K, used 92038K [0x0000000080000000, 0x000000008c000000, 0x00000000d5580000)
  object space 196608K, 46% used [0x0000000080000000,0x00000000859e1808,0x000000008c000000)
 Metaspace       used 112366K, capacity 118320K, committed 118552K, reserved 1153024K
  class space    used 14420K, capacity 15566K, committed 15664K, reserved 1048576K
Event: 2906.535 GC heap after
Heap after GC invocations=30 (full 4):
 PSYoungGen      total 549376K, used 17439K [0x00000000d5580000, 0x00000000f8f00000, 0x0000000100000000)
  eden space 517632K, 0% used [0x00000000d5580000,0x00000000d5580000,0x00000000f4f00000)
  from space 31744K, 54% used [0x00000000f7000000,0x00000000f8107c28,0x00000000f8f00000)
  to   space 32768K, 0% used [0x00000000f4f00000,0x00000000f4f00000,0x00000000f6f00000)
 ParOldGen       total 196608K, used 92046K [0x0000000080000000, 0x000000008c000000, 0x00000000d5580000)
  object space 196608K, 46% used [0x0000000080000000,0x00000000859e3808,0x000000008c000000)
 Metaspace       used 112366K, capacity 118320K, committed 118552K, reserved 1153024K
  class space    used 14420K, capacity 15566K, committed 15664K, reserved 1048576K
}
Event: 5284.665 GC heap before
{Heap before GC invocations=31 (full 4):
 PSYoungGen      total 549376K, used 535071K [0x00000000d5580000, 0x00000000f8f00000, 0x0000000100000000)
  eden space 517632K, 100% used [0x00000000d5580000,0x00000000f4f00000,0x00000000f4f00000)
  from space 31744K, 54% used [0x00000000f7000000,0x00000000f8107c28,0x00000000f8f00000)
  to   space 32768K, 0% used [0x00000000f4f00000,0x00000000f4f00000,0x00000000f6f00000)
 ParOldGen       total 196608K, used 92046K [0x0000000080000000, 0x000000008c000000, 0x00000000d5580000)
  object space 196608K, 46% used [0x0000000080000000,0x00000000859e3808,0x000000008c000000)
 Metaspace       used 117318K, capacity 124416K, committed 124568K, reserved 1157120K
  class space    used 15072K, capacity 16447K, committed 16560K, reserved 1048576K
Event: 5284.688 GC heap after
Heap after GC invocations=31 (full 4):
 PSYoungGen      total 550400K, used 18515K [0x00000000d5580000, 0x00000000f8f00000, 0x0000000100000000)
  eden space 517632K, 0% used [0x00000000d5580000,0x00000000d5580000,0x00000000f4f00000)
  from space 32768K, 56% used [0x00000000f4f00000,0x00000000f6114fe0,0x00000000f6f00000)
  to   space 31744K, 0% used [0x00000000f7000000,0x00000000f7000000,0x00000000f8f00000)
 ParOldGen       total 196608K, used 92054K [0x0000000080000000, 0x000000008c000000, 0x00000000d5580000)
  object space 196608K, 46% used [0x0000000080000000,0x00000000859e5808,0x000000008c000000)
 Metaspace       used 117318K, capacity 124416K, committed 124568K, reserved 1157120K
  class space    used 15072K, capacity 16447K, committed 16560K, reserved 1048576K
}

Deoptimization events (10 events):
Event: 5130.141 Thread 0x000000001ee1b000 Uncommon trap: reason=null_check action=make_not_entrant pc=0x000000000772e160 method=org.gradle.api.internal.collections.CollectionFilter.filter(Ljava/lang/Object;)Ljava/lang/Object; @ 5
Event: 5284.361 Thread 0x000000001ee1c800 Uncommon trap: reason=class_check action=maybe_recompile pc=0x00000000076d38b0 method=org.gradle.tooling.internal.provider.runner.SubtreeFilteringBuildOperationListener.started(Lorg/gradle/internal/operations/BuildOperationDescriptor;Lorg/gradle/internal/
Event: 5284.460 Thread 0x000000001ee25000 Uncommon trap: reason=unstable_if action=reinterpret pc=0x00000000055bd698 method=java.util.concurrent.locks.ReentrantLock$Sync.nonfairTryAcquire(I)Z @ 19
Event: 5284.491 Thread 0x000000001ee1c800 Uncommon trap: reason=class_check action=maybe_recompile pc=0x00000000076d38b0 method=org.gradle.tooling.internal.provider.runner.SubtreeFilteringBuildOperationListener.started(Lorg/gradle/internal/operations/BuildOperationDescriptor;Lorg/gradle/internal/
Event: 5284.701 Thread 0x000000001ee1c800 Uncommon trap: reason=unstable_if action=reinterpret pc=0x00000000038eb224 method=com.google.common.collect.MapMakerInternalMap$Segment.getEntry(Ljava/lang/Object;I)Lcom/google/common/collect/MapMakerInternalMap$InternalEntry; @ 40
Event: 5284.701 Thread 0x000000001ee1c800 Uncommon trap: reason=unstable_if action=reinterpret pc=0x0000000004b7a2f0 method=com.google.common.collect.MapMakerInternalMap$Segment.put(Ljava/lang/Object;ILjava/lang/Object;Z)Ljava/lang/Object; @ 92
Event: 5284.867 Thread 0x000000001ee1c800 Uncommon trap: reason=class_check action=maybe_recompile pc=0x00000000057c0264 method=java.io.Writer.append(C)Ljava/io/Writer; @ 2
Event: 5284.867 Thread 0x000000001ee1c800 Uncommon trap: reason=class_check action=maybe_recompile pc=0x00000000057c0264 method=java.io.Writer.append(C)Ljava/io/Writer; @ 2
Event: 5284.867 Thread 0x000000001ee1c800 Uncommon trap: reason=class_check action=maybe_recompile pc=0x00000000057c0264 method=java.io.Writer.append(C)Ljava/io/Writer; @ 2
Event: 5284.867 Thread 0x000000001ee1c800 Uncommon trap: reason=class_check action=maybe_recompile pc=0x00000000057c0264 method=java.io.Writer.append(C)Ljava/io/Writer; @ 2

Classes redefined (0 events):
No events

Internal exceptions (10 events):
Event: 5130.139 Thread 0x000000001ee1b000 Exception <a 'java/lang/ClassNotFoundException': build_lurpao39pdyf9l6z3t27r1vk$_run_closure1BeanInfo> (0x00000000ef8c66c0) thrown at [C:\src\AOSP-openjdk-git\hotspot\src\share\vm\classfile\systemDictionary.cpp, line 210]
Event: 5130.139 Thread 0x000000001ee1b000 Exception <a 'java/lang/ClassNotFoundException': build_lurpao39pdyf9l6z3t27r1vk$_run_closure1Customizer> (0x00000000ef8d5428) thrown at [C:\src\AOSP-openjdk-git\hotspot\src\share\vm\classfile\systemDictionary.cpp, line 210]
Event: 5130.141 Thread 0x000000001ee1b000 Implicit null exception at 0x000000000772e01f to 0x000000000772e14d
Event: 5130.284 Thread 0x000000001ee1b000 Exception <a 'java/lang/reflect/InvocationTargetException'> (0x00000000f0f7d3b0) thrown at [C:\src\AOSP-openjdk-git\hotspot\src\share\vm\runtime\reflection.cpp, line 1092]
Event: 5130.524 Thread 0x000000001ee1b000 Exception <a 'sun/nio/fs/WindowsException'> (0x00000000f2da7fa0) thrown at [C:\src\AOSP-openjdk-git\hotspot\src\share\vm\prims\jni.cpp, line 710]
Event: 5284.885 Thread 0x000000001ee27000 Exception <a 'sun/nio/fs/WindowsException'> (0x00000000d6a2da40) thrown at [C:\src\AOSP-openjdk-git\hotspot\src\share\vm\prims\jni.cpp, line 710]
Event: 5284.885 Thread 0x000000001ee27000 Exception <a 'sun/nio/fs/WindowsException'> (0x00000000d6a2eab8) thrown at [C:\src\AOSP-openjdk-git\hotspot\src\share\vm\prims\jni.cpp, line 710]
Event: 5284.899 Thread 0x00000000220fd800 Exception <a 'sun/nio/fs/WindowsException'> (0x00000000d6a95230) thrown at [C:\src\AOSP-openjdk-git\hotspot\src\share\vm\prims\jni.cpp, line 710]
Event: 5285.597 Thread 0x00000000220fe000 Exception <a 'java/io/IOException'> (0x00000000dc9be0f8) thrown at [C:\src\AOSP-openjdk-git\hotspot\src\share\vm\prims\jni.cpp, line 710]
Event: 5285.600 Thread 0x00000000220fd800 Exception <a 'java/io/IOException'> (0x00000000dc6bfad0) thrown at [C:\src\AOSP-openjdk-git\hotspot\src\share\vm\prims\jni.cpp, line 710]

Events (10 events):
Event: 5285.602 Thread 0x0000000017f29000 flushing nmethod 0x0000000004f7a310
Event: 5285.602 Thread 0x0000000017f29000 flushing nmethod 0x0000000004f7b310
Event: 5285.603 Thread 0x0000000017f29000 flushing nmethod 0x000000000501f250
Event: 5285.603 Thread 0x0000000017f29000 flushing nmethod 0x0000000005191410
Event: 5285.603 Thread 0x0000000017f29000 flushing nmethod 0x00000000051f52d0
Event: 5285.604 Thread 0x0000000017f29000 flushing nmethod 0x000000000538a290
Event: 5285.632 Thread 0x0000000017f1e800 flushing nmethod 0x0000000005627990
Event: 5285.632 Thread 0x0000000017f1e800 flushing nmethod 0x00000000056f96d0
Event: 5285.632 Thread 0x0000000017f1e800 flushing nmethod 0x00000000056faa10
Event: 5285.660 Thread 0x0000000017f1e800 flushing nmethod 0x0000000005c4d990


Dynamic libraries:
0x00007ff7260a0000 - 0x00007ff7260d1000 	D:\develop\Android Studio\jre\bin\java.exe
0x00007ffd9bed0000 - 0x00007ffd9c0c5000 	C:\WINDOWS\SYSTEM32\ntdll.dll
0x00007ffd99f10000 - 0x00007ffd99fce000 	C:\WINDOWS\System32\KERNEL32.DLL
0x00007ffd99940000 - 0x00007ffd99c08000 	C:\WINDOWS\System32\KERNELBASE.dll
0x00007ffd9bc80000 - 0x00007ffd9bd2c000 	C:\WINDOWS\System32\ADVAPI32.dll
0x00007ffd9af30000 - 0x00007ffd9afce000 	C:\WINDOWS\System32\msvcrt.dll
0x00007ffd9a080000 - 0x00007ffd9a11b000 	C:\WINDOWS\System32\sechost.dll
0x00007ffd9b5d0000 - 0x00007ffd9b6fa000 	C:\WINDOWS\System32\RPCRT4.dll
0x00007ffd9b820000 - 0x00007ffd9b9c1000 	C:\WINDOWS\System32\USER32.dll
0x00007ffd99ee0000 - 0x00007ffd99f02000 	C:\WINDOWS\System32\win32u.dll
0x00007ffd9aff0000 - 0x00007ffd9b01b000 	C:\WINDOWS\System32\GDI32.dll
0x00007ffd995e0000 - 0x00007ffd996ed000 	C:\WINDOWS\System32\gdi32full.dll
0x00007ffd99e40000 - 0x00007ffd99edd000 	C:\WINDOWS\System32\msvcp_win.dll
0x00007ffd99d40000 - 0x00007ffd99e40000 	C:\WINDOWS\System32\ucrtbase.dll
0x00007ffd91360000 - 0x00007ffd915fa000 	C:\WINDOWS\WinSxS\amd64_microsoft.windows.common-controls_6595b64144ccf1df_6.0.19041.1110_none_60b5254171f9507e\COMCTL32.dll
0x00007ffd9b9d0000 - 0x00007ffd9ba00000 	C:\WINDOWS\System32\IMM32.DLL
0x00000000738c0000 - 0x0000000073992000 	D:\develop\Android Studio\jre\jre\bin\msvcr100.dll
0x0000000073a80000 - 0x00000000742cb000 	D:\develop\Android Studio\jre\jre\bin\server\jvm.dll
0x00007ffd9b020000 - 0x00007ffd9b028000 	C:\WINDOWS\System32\PSAPI.DLL
0x00007ffd8f240000 - 0x00007ffd8f267000 	C:\WINDOWS\SYSTEM32\WINMM.dll
0x00007ffd8ac90000 - 0x00007ffd8ac99000 	C:\WINDOWS\SYSTEM32\WSOCK32.dll
0x00007ffd94530000 - 0x00007ffd9453a000 	C:\WINDOWS\SYSTEM32\VERSION.dll
0x00007ffd9ba00000 - 0x00007ffd9ba6b000 	C:\WINDOWS\System32\WS2_32.dll
0x00007ffd940b0000 - 0x00007ffd940bf000 	D:\develop\Android Studio\jre\jre\bin\verify.dll
0x00007ffd83df0000 - 0x00007ffd83e19000 	D:\develop\Android Studio\jre\jre\bin\java.dll
0x00007ffd8fae0000 - 0x00007ffd8faf6000 	D:\develop\Android Studio\jre\jre\bin\zip.dll
0x00007ffd9a1f0000 - 0x00007ffd9a934000 	C:\WINDOWS\System32\SHELL32.dll
0x00007ffd976f0000 - 0x00007ffd97e84000 	C:\WINDOWS\SYSTEM32\windows.storage.dll
0x00007ffd9b210000 - 0x00007ffd9b565000 	C:\WINDOWS\System32\combase.dll
0x00007ffd99030000 - 0x00007ffd9905e000 	C:\WINDOWS\SYSTEM32\Wldp.dll
0x00007ffd9b030000 - 0x00007ffd9b0dd000 	C:\WINDOWS\System32\SHCORE.dll
0x00007ffd9a960000 - 0x00007ffd9a9b5000 	C:\WINDOWS\System32\shlwapi.dll
0x00007ffd99520000 - 0x00007ffd9953f000 	C:\WINDOWS\SYSTEM32\profapi.dll
0x00007ffd8aee0000 - 0x00007ffd8aefa000 	D:\develop\Android Studio\jre\jre\bin\net.dll
0x00007ffd98d90000 - 0x00007ffd98dfa000 	C:\WINDOWS\system32\mswsock.dll
0x00007ffd892e0000 - 0x00007ffd892f3000 	D:\develop\Android Studio\jre\jre\bin\nio.dll
0x00007ffd78550000 - 0x00007ffd78576000 	C:\Users\lucie\.gradle\native\31\windows-amd64\native-platform.dll
0x00007ffd93570000 - 0x00007ffd9357d000 	D:\develop\Android Studio\jre\jre\bin\management.dll
0x00007ffd98f90000 - 0x00007ffd98fa8000 	C:\WINDOWS\SYSTEM32\CRYPTSP.dll
0x00007ffd98640000 - 0x00007ffd98674000 	C:\WINDOWS\system32\rsaenh.dll
0x00007ffd99c10000 - 0x00007ffd99c37000 	C:\WINDOWS\System32\bcrypt.dll
0x00007ffd994e0000 - 0x00007ffd9950e000 	C:\WINDOWS\SYSTEM32\USERENV.dll
0x00007ffd996f0000 - 0x00007ffd99772000 	C:\WINDOWS\System32\bcryptprimitives.dll
0x00007ffd98f80000 - 0x00007ffd98f8c000 	C:\WINDOWS\SYSTEM32\CRYPTBASE.dll
0x00007ffd98a10000 - 0x00007ffd98a4b000 	C:\WINDOWS\SYSTEM32\IPHLPAPI.DLL
0x00007ffd9afe0000 - 0x00007ffd9afe8000 	C:\WINDOWS\System32\NSI.dll
0x00007ffd93480000 - 0x00007ffd93497000 	C:\WINDOWS\SYSTEM32\dhcpcsvc6.DLL
0x00007ffd93620000 - 0x00007ffd9363d000 	C:\WINDOWS\SYSTEM32\dhcpcsvc.DLL
0x00007ffd98a80000 - 0x00007ffd98b4b000 	C:\WINDOWS\SYSTEM32\DNSAPI.dll
0x00007ffd78300000 - 0x00007ffd78324000 	D:\develop\Android Studio\jre\jre\bin\sunec.dll
0x00007ffd90e80000 - 0x00007ffd90e8a000 	C:\Windows\System32\rasadhlp.dll
0x00007ffd90ec0000 - 0x00007ffd90f3f000 	C:\WINDOWS\System32\fwpuclnt.dll
0x00007ffd8c210000 - 0x00007ffd8c21b000 	D:\develop\Android Studio\jre\jre\bin\sunmscapi.dll
0x00007ffd99780000 - 0x00007ffd998d6000 	C:\WINDOWS\System32\CRYPT32.dll
0x00007ffd983f0000 - 0x00007ffd98423000 	C:\WINDOWS\SYSTEM32\ntmarta.dll

VM Arguments:
jvm_args: -Xmx2048m -Dfile.encoding=windows-31j -Duser.country=JP -Duser.language=ja -Duser.variant 
java_command: org.gradle.launcher.daemon.bootstrap.GradleDaemon 6.1.1
java_class_path (initial): C:\Users\lucie\.gradle\wrapper\dists\gradle-6.1.1-all\cfmwm155h49vnt3hynmlrsdst\gradle-6.1.1\lib\gradle-launcher-6.1.1.jar
Launcher Type: SUN_STANDARD

Environment Variables:
JAVA_HOME=D:\JDK\Java\jdk-13.0.1
PATH=C:\Program Files (x86)\Intel\iCLS Client\;C:\Program Files\Intel\iCLS Client\;C:\Windows\system32;C:\Windows;C:\Windows\System32\Wbem;C:\Windows\System32\WindowsPowerShell\v1.0\;C:\Program Files (x86)\NVIDIA Corporation\PhysX\Common;C:\WINDOWS\system32;C:\WINDOWS;C:\WINDOWS\System32\Wbem;C:\WINDOWS\System32\WindowsPowerShell\v1.0\;C:\WINDOWS\System32\OpenSSH\;C:\Program Files (x86)\Intel\Intel(R) Management Engine Components\DAL;C:\Program Files\Intel\Intel(R) Management Engine Components\DAL;C:\Program Files (x86)\Intel\Intel(R) Management Engine Components\IPT;C:\Program Files\Intel\Intel(R) Management Engine Components\IPT;D:\MinGW\bin;D:\JDK\Java\jdk-13.0.1\bin;C:\Program Files\MySQL\MySQL Server 8.0\bin;D:\develop\Git\cmd;C:\Users\lucie\AppData\Local\Microsoft\WindowsApps;;D:\develop\Microsoft VS Code\bin
USERNAME=lucie
OS=Windows_NT
PROCESSOR_IDENTIFIER=Intel64 Family 6 Model 158 Stepping 9, GenuineIntel



---------------  S Y S T E M  ---------------

OS: Windows 10.0 , 64 bit Build 19041 (10.0.19041.1348)

CPU:total 4 (initial active 4) (4 cores per cpu, 1 threads per core) family 6 model 158 stepping 9, cmov, cx8, fxsr, mmx, sse, sse2, sse3, ssse3, sse4.1, sse4.2, popcnt, avx, avx2, aes, clmul, erms, 3dnowpref, lzcnt, tsc, tscinvbit, bmi1, bmi2, adx

Memory: 4k page, physical 8294544k(736520k free), swap 10342544k(6308k free)

vm_info: OpenJDK 64-Bit Server VM (25.242-b01) for windows-amd64 JRE (1.8.0_242-release-1644-b01), built by "builder" with MS VC++ 10.0 (VS2010)

time: Mon Dec 20 14:25:49 2021
timezone: ìåãû (ïWèÄéû)
elapsed time: 5285 seconds (0d 1h 28m 5s)

